[12:29:55] [main/INFO] [LaunchWrapper]: Loading tweak class name cpw.mods.fml.common.launcher.FMLServerTweaker
[12:29:55] [main/INFO] [LaunchWrapper]: Using primary tweak class name cpw.mods.fml.common.launcher.FMLServerTweaker
[12:29:55] [main/INFO] [LaunchWrapper]: Calling tweak class cpw.mods.fml.common.launcher.FMLServerTweaker
[12:30:33] [main/INFO] [GradleStart]: No arguments specified, assuming client.
[12:30:33] [main/INFO] [GradleStart]: Running with arguments: [--version, 1.7.2, --tweakClass, cpw.mods.fml.common.launcher.FMLTweaker, --assetIndex, legacy, --assetsDir, C:/Users/Björn/.gradle/caches/minecraft/assets, --accessToken, FML, --userProperties, {}, --username, ForgeDevName]
[12:30:33] [main/INFO] [LaunchWrapper]: Loading tweak class name cpw.mods.fml.common.launcher.FMLTweaker
[12:30:33] [main/INFO] [LaunchWrapper]: Using primary tweak class name cpw.mods.fml.common.launcher.FMLTweaker
[12:30:33] [main/INFO] [LaunchWrapper]: Calling tweak class cpw.mods.fml.common.launcher.FMLTweaker
[12:39:37] [main/INFO] [GradleStart]: No arguments specified, assuming client.
[12:39:37] [main/INFO] [GradleStart]: Running with arguments: [--version, 1.7.2, --tweakClass, cpw.mods.fml.common.launcher.FMLTweaker, --assetIndex, legacy, --assetsDir, C:/Users/Björn/.gradle/caches/minecraft/assets, --accessToken, FML, --userProperties, {}, --username, ForgeDevName]
[12:39:37] [main/INFO] [LaunchWrapper]: Loading tweak class name cpw.mods.fml.common.launcher.FMLTweaker
[12:39:37] [main/INFO] [LaunchWrapper]: Using primary tweak class name cpw.mods.fml.common.launcher.FMLTweaker
[12:39:37] [main/INFO] [LaunchWrapper]: Calling tweak class cpw.mods.fml.common.launcher.FMLTweaker
[12:45:20] [main/INFO] [GradleStart]: No arguments specified, assuming client.
[12:45:20] [main/INFO] [GradleStart]: Running with arguments: [--version, 1.7.2, --tweakClass, cpw.mods.fml.common.launcher.FMLTweaker, --assetIndex, legacy, --assetsDir, C:/Users/Björn/.gradle/caches/minecraft/assets, --accessToken, FML, --userProperties, {}, --username, ForgeDevName]
[12:45:20] [main/INFO] [LaunchWrapper]: Loading tweak class name cpw.mods.fml.common.launcher.FMLTweaker
[12:45:20] [main/INFO] [LaunchWrapper]: Using primary tweak class name cpw.mods.fml.common.launcher.FMLTweaker
[12:45:20] [main/INFO] [LaunchWrapper]: Calling tweak class cpw.mods.fml.common.launcher.FMLTweaker
[13:02:06] [main/INFO] [GradleStart]: No arguments specified, assuming client.
[13:02:06] [main/INFO] [GradleStart]: Running with arguments: [--version, 1.7.2, --tweakClass, cpw.mods.fml.common.launcher.FMLTweaker, --assetIndex, legacy, --assetsDir, C:/Users/Björn/.gradle/caches/minecraft/assets, --accessToken, FML, --userProperties, {}, --username, ForgeDevName]
[13:02:06] [main/INFO] [LaunchWrapper]: Loading tweak class name cpw.mods.fml.common.launcher.FMLTweaker
[13:02:06] [main/INFO] [LaunchWrapper]: Using primary tweak class name cpw.mods.fml.common.launcher.FMLTweaker
[13:02:06] [main/INFO] [LaunchWrapper]: Calling tweak class cpw.mods.fml.common.launcher.FMLTweaker
[13:08:24] [main/INFO] [GradleStart]: No arguments specified, assuming client.
[13:08:24] [main/INFO] [GradleStart]: Running with arguments: [--version, 1.7.2, --tweakClass, cpw.mods.fml.common.launcher.FMLTweaker, --assetIndex, legacy, --assetsDir, C:/Users/Björn/.gradle/caches/minecraft/assets, --accessToken, FML, --userProperties, {}, --username, ForgeDevName]
[13:08:24] [main/INFO] [LaunchWrapper]: Loading tweak class name cpw.mods.fml.common.launcher.FMLTweaker
[13:08:24] [main/INFO] [LaunchWrapper]: Using primary tweak class name cpw.mods.fml.common.launcher.FMLTweaker
[13:08:24] [main/INFO] [LaunchWrapper]: Calling tweak class cpw.mods.fml.common.launcher.FMLTweaker
[13:12:59] [main/INFO] [GradleStart]: No arguments specified, assuming client.
[13:12:59] [main/INFO] [GradleStart]: Running with arguments: [--version, 1.7.2, --tweakClass, cpw.mods.fml.common.launcher.FMLTweaker, --assetIndex, legacy, --assetsDir, C:/Users/Björn/.gradle/caches/minecraft/assets, --accessToken, FML, --userProperties, {}, --username, ForgeDevName]
[13:12:59] [main/INFO] [LaunchWrapper]: Loading tweak class name cpw.mods.fml.common.launcher.FMLTweaker
[13:12:59] [main/INFO] [LaunchWrapper]: Using primary tweak class name cpw.mods.fml.common.launcher.FMLTweaker
[13:12:59] [main/INFO] [LaunchWrapper]: Calling tweak class cpw.mods.fml.common.launcher.FMLTweaker
[13:13:47] [main/INFO] [GradleStart]: No arguments specified, assuming client.
[13:13:47] [main/INFO] [GradleStart]: Running with arguments: [--version, 1.7.2, --tweakClass, cpw.mods.fml.common.launcher.FMLTweaker, --assetIndex, legacy, --assetsDir, C:/Users/Björn/.gradle/caches/minecraft/assets, --accessToken, FML, --userProperties, {}, --username, ForgeDevName]
[13:13:47] [main/INFO] [LaunchWrapper]: Loading tweak class name cpw.mods.fml.common.launcher.FMLTweaker
[13:13:47] [main/INFO] [LaunchWrapper]: Using primary tweak class name cpw.mods.fml.common.launcher.FMLTweaker
[13:13:47] [main/INFO] [LaunchWrapper]: Calling tweak class cpw.mods.fml.common.launcher.FMLTweaker
[13:14:58] [main/INFO] [GradleStart]: No arguments specified, assuming client.
[13:14:58] [main/INFO] [GradleStart]: Running with arguments: [--version, 1.7.2, --tweakClass, cpw.mods.fml.common.launcher.FMLTweaker, --assetIndex, legacy, --assetsDir, C:/Users/Björn/.gradle/caches/minecraft/assets, --accessToken, FML, --userProperties, {}, --username, ForgeDevName]
[13:14:58] [main/INFO] [LaunchWrapper]: Loading tweak class name cpw.mods.fml.common.launcher.FMLTweaker
[13:14:58] [main/INFO] [LaunchWrapper]: Using primary tweak class name cpw.mods.fml.common.launcher.FMLTweaker
[13:14:58] [main/INFO] [LaunchWrapper]: Calling tweak class cpw.mods.fml.common.launcher.FMLTweaker
[13:16:58] [main/INFO] [GradleStart]: No arguments specified, assuming client.
[13:16:58] [main/INFO] [GradleStart]: Running with arguments: [--version, 1.7.2, --tweakClass, cpw.mods.fml.common.launcher.FMLTweaker, --assetIndex, legacy, --assetsDir, C:/Users/Björn/.gradle/caches/minecraft/assets, --accessToken, FML, --userProperties, {}, --username, ForgeDevName]
[13:16:58] [main/INFO] [LaunchWrapper]: Loading tweak class name cpw.mods.fml.common.launcher.FMLTweaker
[13:16:58] [main/INFO] [LaunchWrapper]: Using primary tweak class name cpw.mods.fml.common.launcher.FMLTweaker
[13:16:58] [main/INFO] [LaunchWrapper]: Calling tweak class cpw.mods.fml.common.launcher.FMLTweaker
