[20:31:50] [main/INFO] [FML/]: Forge Mod Loader version 7.2.217.1147 for Minecraft 1.7.2 loading
[20:31:50] [main/INFO] [FML/]: Java is Java HotSpot(TM) 64-Bit Server VM, version 1.7.0_60, running on Windows 8.1:amd64:6.3, installed at C:\Program Files\Java\jdk1.7.0_60\jre
[20:31:50] [main/DEBUG] [FML/]: Java classpath at launch is C:\Program Files\Java\jdk1.7.0_60\jre\lib\charsets.jar;C:\Program Files\Java\jdk1.7.0_60\jre\lib\deploy.jar;C:\Program Files\Java\jdk1.7.0_60\jre\lib\javaws.jar;C:\Program Files\Java\jdk1.7.0_60\jre\lib\jce.jar;C:\Program Files\Java\jdk1.7.0_60\jre\lib\jfr.jar;C:\Program Files\Java\jdk1.7.0_60\jre\lib\jfxrt.jar;C:\Program Files\Java\jdk1.7.0_60\jre\lib\jsse.jar;C:\Program Files\Java\jdk1.7.0_60\jre\lib\management-agent.jar;C:\Program Files\Java\jdk1.7.0_60\jre\lib\plugin.jar;C:\Program Files\Java\jdk1.7.0_60\jre\lib\resources.jar;C:\Program Files\Java\jdk1.7.0_60\jre\lib\rt.jar;C:\Program Files\Java\jdk1.7.0_60\jre\lib\ext\access-bridge-64.jar;C:\Program Files\Java\jdk1.7.0_60\jre\lib\ext\dnsns.jar;C:\Program Files\Java\jdk1.7.0_60\jre\lib\ext\jaccess.jar;C:\Program Files\Java\jdk1.7.0_60\jre\lib\ext\localedata.jar;C:\Program Files\Java\jdk1.7.0_60\jre\lib\ext\sunec.jar;C:\Program Files\Java\jdk1.7.0_60\jre\lib\ext\sunjce_provider.jar;C:\Program Files\Java\jdk1.7.0_60\jre\lib\ext\sunmscapi.jar;C:\Program Files\Java\jdk1.7.0_60\jre\lib\ext\zipfs.jar;G:\Minecraft_Forge_Projects\1.7\Emerald\out\production\Emerald;C:\Users\Björn\.gradle\caches\minecraft\net\minecraftforge\forge\1.7.2-10.12.2.1147\forgeSrc-1.7.2-10.12.2.1147.jar;C:\Users\Björn\.gradle\caches\modules-2\files-2.1\net.minecraft\launchwrapper\1.9\116f2aad5b0c68353ebed66cd463517db6522f7e\launchwrapper-1.9.jar;C:\Users\Björn\.gradle\caches\modules-2\files-2.1\org.ow2.asm\asm-debug-all\4.1\dd6ba5c392d4102458494e29f54f70ac534ec2a2\asm-debug-all-4.1.jar;C:\Users\Björn\.gradle\caches\modules-2\files-2.1\org.scala-lang\scala-library\2.10.2\6ba65d12cd09d441083262d6f73d2257fec7c663\scala-library-2.10.2.jar;C:\Users\Björn\.gradle\caches\modules-2\files-2.1\org.scala-lang\scala-compiler\2.10.2\64c8b1380cc53d6850823d6e4e7ae984aa44ef9c\scala-compiler-2.10.2.jar;C:\Users\Björn\.gradle\caches\modules-2\files-2.1\net.sf.jopt-simple\jopt-simple\4.5\6065cc95c661255349c1d0756657be17c29a4fd3\jopt-simple-4.5.jar;C:\Users\Björn\.gradle\caches\modules-2\files-2.1\java3d\vecmath\1.3.1\a0ae4f51da409fa0c20fa0ca59e6bbc9413ae71d\vecmath-1.3.1.jar;C:\Users\Björn\.gradle\caches\modules-2\files-2.1\net.sf.trove4j\trove4j\3.0.3\42ccaf4761f0dfdfa805c9e340d99a755907e2dd\trove4j-3.0.3.jar;C:\Users\Björn\.gradle\caches\modules-2\files-2.1\com.ibm.icu\icu4j-core-mojang\51.2\63d216a9311cca6be337c1e458e587f99d382b84\icu4j-core-mojang-51.2.jar;C:\Users\Björn\.gradle\caches\modules-2\files-2.1\lzma\lzma\0.0.1\521616dc7487b42bef0e803bd2fa3faf668101d7\lzma-0.0.1.jar;C:\Users\Björn\.gradle\caches\modules-2\files-2.1\com.paulscode\codecjorbis\20101023\c73b5636faf089d9f00e8732a829577de25237ee\codecjorbis-20101023.jar;C:\Users\Björn\.gradle\caches\modules-2\files-2.1\com.paulscode\codecwav\20101023\12f031cfe88fef5c1dd36c563c0a3a69bd7261da\codecwav-20101023.jar;C:\Users\Björn\.gradle\caches\modules-2\files-2.1\com.paulscode\libraryjavasound\20101123\5c5e304366f75f9eaa2e8cca546a1fb6109348b3\libraryjavasound-20101123.jar;C:\Users\Björn\.gradle\caches\modules-2\files-2.1\com.paulscode\librarylwjglopenal\20100824\73e80d0794c39665aec3f62eee88ca91676674ef\librarylwjglopenal-20100824.jar;C:\Users\Björn\.gradle\caches\modules-2\files-2.1\com.paulscode\soundsystem\20120107\419c05fe9be71f792b2d76cfc9b67f1ed0fec7f6\soundsystem-20120107.jar;C:\Users\Björn\.gradle\caches\modules-2\files-2.1\io.netty\netty-all\4.0.10.Final\9e50bd52ffe257a0e2cd8d971688d6ce7d174325\netty-all-4.0.10.Final.jar;C:\Users\Björn\.gradle\caches\modules-2\files-2.1\com.google.guava\guava\15.0\ed727a8d9f247e2050281cb083f1c77b09dcb5cd\guava-15.0.jar;C:\Users\Björn\.gradle\caches\modules-2\files-2.1\org.apache.commons\commons-lang3\3.1\905075e6c80f206bbe6cf1e809d2caa69f420c76\commons-lang3-3.1.jar;C:\Users\Björn\.gradle\caches\modules-2\files-2.1\commons-io\commons-io\2.4\b1b6ea3b7e4aa4f492509a4952029cd8e48019ad\commons-io-2.4.jar;C:\Users\Björn\.gradle\caches\modules-2\files-2.1\net.java.jinput\jinput\2.0.5\39c7796b469a600f72380316f6b1f11db6c2c7c4\jinput-2.0.5.jar;C:\Users\Björn\.gradle\caches\modules-2\files-2.1\net.java.jutils\jutils\1.0.0\e12fe1fda814bd348c1579329c86943d2cd3c6a6\jutils-1.0.0.jar;C:\Users\Björn\.gradle\caches\modules-2\files-2.1\com.google.code.gson\gson\2.2.4\a60a5e993c98c864010053cb901b7eab25306568\gson-2.2.4.jar;C:\Users\Björn\.gradle\caches\modules-2\files-2.1\com.mojang\authlib\1.3\4fb033c2d6eccced08752d8f33e8c3a0a45deb2d\authlib-1.3.jar;C:\Users\Björn\.gradle\caches\modules-2\files-2.1\org.apache.logging.log4j\log4j-api\2.0-beta9\1dd66e68cccd907880229f9e2de1314bd13ff785\log4j-api-2.0-beta9.jar;C:\Users\Björn\.gradle\caches\modules-2\files-2.1\org.apache.logging.log4j\log4j-core\2.0-beta9\678861ba1b2e1fccb594bb0ca03114bb05da9695\log4j-core-2.0-beta9.jar;C:\Users\Björn\.gradle\caches\modules-2\files-2.1\org.lwjgl.lwjgl\lwjgl\2.9.0\5654d06e61a1bba7ae1e7f5233e1106be64c91cd\lwjgl-2.9.0.jar;C:\Users\Björn\.gradle\caches\modules-2\files-2.1\org.lwjgl.lwjgl\lwjgl_util\2.9.0\a778846b64008fc7f48ead2377f034e547991699\lwjgl_util-2.9.0.jar;C:\Users\Björn\.gradle\caches\modules-2\files-2.1\org.lwjgl.lwjgl\lwjgl-platform\2.9.0\2ba5dcb11048147f1a74eff2deb192c001321f77\lwjgl-platform-2.9.0-natives-linux.jar;C:\Users\Björn\.gradle\caches\modules-2\files-2.1\org.lwjgl.lwjgl\lwjgl-platform\2.9.0\6621b382cb14cc409b041d8d72829156a87c31aa\lwjgl-platform-2.9.0-natives-osx.jar;C:\Users\Björn\.gradle\caches\modules-2\files-2.1\org.lwjgl.lwjgl\lwjgl-platform\2.9.0\3f11873dc8e84c854ec7c5a8fd2e869f8aaef764\lwjgl-platform-2.9.0-natives-windows.jar;C:\Users\Björn\.gradle\caches\modules-2\files-2.1\net.java.jinput\jinput-platform\2.0.5\7ff832a6eb9ab6a767f1ade2b548092d0fa64795\jinput-platform-2.0.5-natives-linux.jar;C:\Users\Björn\.gradle\caches\modules-2\files-2.1\net.java.jinput\jinput-platform\2.0.5\53f9c919f34d2ca9de8c51fc4e1e8282029a9232\jinput-platform-2.0.5-natives-osx.jar;C:\Users\Björn\.gradle\caches\modules-2\files-2.1\net.java.jinput\jinput-platform\2.0.5\385ee093e01f587f30ee1c8a2ee7d408fd732e16\jinput-platform-2.0.5-natives-windows.jar;C:\Users\Björn\.gradle\caches\modules-2\files-2.1\org.scala-lang\scala-reflect\2.10.2\444ff8e89a81697997ed8a98a4642ba283130249\scala-reflect-2.10.2.jar;C:\Users\Björn\.gradle\caches\minecraft\net\minecraftforge\forge\1.7.2-10.12.2.1147\start;C:\Program Files (x86)\JetBrains\IntelliJ IDEA Community Edition 13.1.3\lib\idea_rt.jar
[20:31:50] [main/DEBUG] [FML/]: Java library path at launch is C:\Program Files\Java\jdk1.7.0_60\bin;C:\WINDOWS\Sun\Java\bin;C:\WINDOWS\system32;C:\WINDOWS;C:\Program Files (x86)\PHP\v5.5;C:\WINDOWS\system32\inetsrv;C:\Program Files (x86)\NVIDIA Corporation\PhysX\Common;C:\Program Files (x86)\iis express\PHP\v5.3;C:\Program Files (x86)\AMD APP\bin\x86_64;C:\Program Files (x86)\AMD APP\bin\x86;C:\Program Files (x86)\Microsoft ASP.NET\ASP.NET Web Pages\v1.0\;C:\Program Files\Microsoft SQL Server\110\Tools\Binn\;C:\PROGRA~2\TIGCC;C:\Program Files (x86)\QuickTime\QTSystem\;C:\Program Files (x86)\Windows Live\Shared;C:\Program Files (x86)\ATI Technologies\ATI.ACE\Core-Static;C:\Program Files (x86)\Common Files\Adobe\AGL;C:\Program Files (x86)\iis express\PHP\v5.4;C:\Program Files (x86)\Windows Kits\8.0\Windows Performance Toolkit\;c:\windows\system32\;C:\Program Files\Java\jdk1.7.0_60\bin;C:\WINDOWS\system32;C:\WINDOWS;C:\WINDOWS\System32\Wbem;C:\WINDOWS\System32\WindowsPowerShell\v1.0\;C:\Program Files\Microsoft\Web Platform Installer\;.;C:\Program Files (x86)\Git\cmd;.;;.;;.
[20:31:50] [main/INFO] [FML/]: Managed to load a deobfuscated Minecraft name- we are in a deobfuscated environment. Skipping runtime deobfuscation
[20:31:51] [main/DEBUG] [FML/]: Instantiating coremod class FMLCorePlugin
[20:31:51] [main/DEBUG] [FML/]: Added access transformer class cpw.mods.fml.common.asm.transformers.AccessTransformer to enqueued access transformers
[20:31:51] [main/DEBUG] [FML/]: Enqueued coremod FMLCorePlugin
[20:31:51] [main/DEBUG] [FML/]: Instantiating coremod class FMLForgePlugin
[20:31:51] [main/DEBUG] [FML/]: Added access transformer class net.minecraftforge.transformers.ForgeAccessTransformer to enqueued access transformers
[20:31:51] [main/DEBUG] [FML/]: Enqueued coremod FMLForgePlugin
[20:31:51] [main/DEBUG] [FML/]: All fundamental core mods are successfully located
[20:31:51] [main/DEBUG] [FML/]: Discovering coremods
[20:31:51] [main/INFO] [LaunchWrapper/]: Loading tweak class name cpw.mods.fml.common.launcher.FMLInjectionAndSortingTweaker
[20:31:51] [main/INFO] [LaunchWrapper/]: Loading tweak class name cpw.mods.fml.common.launcher.FMLDeobfTweaker
[20:31:51] [main/INFO] [LaunchWrapper/]: Calling tweak class cpw.mods.fml.common.launcher.FMLInjectionAndSortingTweaker
[20:31:51] [main/INFO] [LaunchWrapper/]: Calling tweak class cpw.mods.fml.common.launcher.FMLInjectionAndSortingTweaker
[20:31:51] [main/INFO] [LaunchWrapper/]: Calling tweak class cpw.mods.fml.relauncher.CoreModManager$FMLPluginWrapper
[20:31:51] [main/DEBUG] [FML/]: Injecting coremod FMLCorePlugin {cpw.mods.fml.relauncher.FMLCorePlugin} class transformers
[20:31:51] [main/TRACE] [FML/]: Registering transformer cpw.mods.fml.common.asm.transformers.MarkerTransformer
[20:31:51] [main/TRACE] [FML/]: Registering transformer cpw.mods.fml.common.asm.transformers.SideTransformer
[20:31:51] [main/TRACE] [FML/]: Registering transformer cpw.mods.fml.common.asm.transformers.EventSubscriptionTransformer
[20:31:51] [main/DEBUG] [FML/]: Injection complete
[20:31:51] [main/DEBUG] [FML/]: Running coremod plugin for FMLCorePlugin {cpw.mods.fml.relauncher.FMLCorePlugin}
[20:31:51] [main/DEBUG] [FML/]: Running coremod plugin FMLCorePlugin
[20:31:51] [main/ERROR] [FML/]: The binary patch set is missing. Either you are in a development environment, or things are not going to work!
[20:31:53] [main/ERROR] [FML/]: FML appears to be missing any signature data. This is not a good thing
[20:31:53] [main/DEBUG] [FML/]: Coremod plugin class FMLCorePlugin run successfully
[20:31:53] [main/INFO] [LaunchWrapper/]: Calling tweak class cpw.mods.fml.relauncher.CoreModManager$FMLPluginWrapper
[20:31:53] [main/DEBUG] [FML/]: Injecting coremod FMLForgePlugin {net.minecraftforge.classloading.FMLForgePlugin} class transformers
[20:31:53] [main/DEBUG] [FML/]: Injection complete
[20:31:53] [main/DEBUG] [FML/]: Running coremod plugin for FMLForgePlugin {net.minecraftforge.classloading.FMLForgePlugin}
[20:31:53] [main/DEBUG] [FML/]: Running coremod plugin FMLForgePlugin
[20:31:53] [main/DEBUG] [FML/]: Coremod plugin class FMLForgePlugin run successfully
[20:31:53] [main/INFO] [LaunchWrapper/]: Calling tweak class cpw.mods.fml.common.launcher.FMLDeobfTweaker
[20:31:53] [main/DEBUG] [FML/]: Loaded 46 rules from AccessTransformer config file fml_at.cfg

[20:31:53] [main/DEBUG] [FML/]: Loaded 85 rules from AccessTransformer config file forge_at.cfg

[20:31:53] [main/DEBUG] [FML/]: Validating minecraft
[20:31:53] [main/DEBUG] [FML/]: Minecraft validated, launching...
[20:31:54] [main/INFO] [LaunchWrapper/]: Launching wrapped minecraft {net.minecraft.server.MinecraftServer}
[20:31:54] [main/TRACE] [FML/]: Registry add: minecraft:air 0 net.minecraft.block.BlockAir@2c64757f (req. id 0)
[20:31:54] [main/TRACE] [FML/]: Registry add: minecraft:stone 1 net.minecraft.block.BlockStone@690c3515 (req. id 1)
[20:31:54] [main/TRACE] [FML/]: Registry add: minecraft:grass 2 net.minecraft.block.BlockGrass@4bac1460 (req. id 2)
[20:31:54] [main/TRACE] [FML/]: Registry add: minecraft:dirt 3 net.minecraft.block.BlockDirt@4eb29cb5 (req. id 3)
[20:31:54] [main/TRACE] [FML/]: Registry add: minecraft:cobblestone 4 net.minecraft.block.Block@304e5770 (req. id 4)
[20:31:54] [main/TRACE] [FML/]: Registry add: minecraft:planks 5 net.minecraft.block.BlockWood@38d1b194 (req. id 5)
[20:31:54] [main/TRACE] [FML/]: Registry add: minecraft:sapling 6 net.minecraft.block.BlockSapling@7cc554b0 (req. id 6)
[20:31:54] [main/TRACE] [FML/]: Registry add: minecraft:bedrock 7 net.minecraft.block.Block@7f3b2ece (req. id 7)
[20:31:54] [main/TRACE] [FML/]: Registry add: minecraft:flowing_water 8 net.minecraft.block.BlockDynamicLiquid@22525e56 (req. id 8)
[20:31:54] [main/TRACE] [FML/]: Registry add: minecraft:water 9 net.minecraft.block.BlockStaticLiquid@1a54b82 (req. id 9)
[20:31:54] [main/TRACE] [FML/]: Registry add: minecraft:flowing_lava 10 net.minecraft.block.BlockDynamicLiquid@b0044a6 (req. id 10)
[20:31:54] [main/TRACE] [FML/]: Registry add: minecraft:lava 11 net.minecraft.block.BlockStaticLiquid@3e9af3ee (req. id 11)
[20:31:54] [main/TRACE] [FML/]: Registry add: minecraft:sand 12 net.minecraft.block.BlockSand@137f0ced (req. id 12)
[20:31:54] [main/TRACE] [FML/]: Registry add: minecraft:gravel 13 net.minecraft.block.BlockGravel@3bea2b4b (req. id 13)
[20:31:54] [main/TRACE] [FML/]: Registry add: minecraft:gold_ore 14 net.minecraft.block.BlockOre@ee0b552 (req. id 14)
[20:31:54] [main/TRACE] [FML/]: Registry add: minecraft:iron_ore 15 net.minecraft.block.BlockOre@42a0221f (req. id 15)
[20:31:54] [main/TRACE] [FML/]: Registry add: minecraft:coal_ore 16 net.minecraft.block.BlockOre@1f204365 (req. id 16)
[20:31:54] [main/TRACE] [FML/]: Registry add: minecraft:log 17 net.minecraft.block.BlockOldLog@271b72b5 (req. id 17)
[20:31:54] [main/TRACE] [FML/]: Registry add: minecraft:leaves 18 net.minecraft.block.BlockOldLeaf@2b9f2263 (req. id 18)
[20:31:54] [main/TRACE] [FML/]: Registry add: minecraft:sponge 19 net.minecraft.block.BlockSponge@1354480a (req. id 19)
[20:31:54] [main/TRACE] [FML/]: Registry add: minecraft:glass 20 net.minecraft.block.BlockGlass@2d08cee4 (req. id 20)
[20:31:54] [main/TRACE] [FML/]: Registry add: minecraft:lapis_ore 21 net.minecraft.block.BlockOre@1d46f1d5 (req. id 21)
[20:31:54] [main/TRACE] [FML/]: Registry add: minecraft:lapis_block 22 net.minecraft.block.BlockCompressed@5f09afb8 (req. id 22)
[20:31:54] [main/TRACE] [FML/]: Registry add: minecraft:dispenser 23 net.minecraft.block.BlockDispenser@6770983a (req. id 23)
[20:31:54] [main/TRACE] [FML/]: Registry add: minecraft:sandstone 24 net.minecraft.block.BlockSandStone@21e29795 (req. id 24)
[20:31:54] [main/TRACE] [FML/]: Registry add: minecraft:noteblock 25 net.minecraft.block.BlockNote@79513c2b (req. id 25)
[20:31:54] [main/TRACE] [FML/]: Registry add: minecraft:bed 26 net.minecraft.block.BlockBed@44b6e204 (req. id 26)
[20:31:54] [main/TRACE] [FML/]: Registry add: minecraft:golden_rail 27 net.minecraft.block.BlockRailPowered@3369d7a (req. id 27)
[20:31:54] [main/TRACE] [FML/]: Registry add: minecraft:detector_rail 28 net.minecraft.block.BlockRailDetector@4ab6724d (req. id 28)
[20:31:54] [main/TRACE] [FML/]: Registry add: minecraft:sticky_piston 29 net.minecraft.block.BlockPistonBase@50731916 (req. id 29)
[20:31:54] [main/TRACE] [FML/]: Registry add: minecraft:web 30 net.minecraft.block.BlockWeb@3e3e4203 (req. id 30)
[20:31:54] [main/TRACE] [FML/]: Registry add: minecraft:tallgrass 31 net.minecraft.block.BlockTallGrass@695ff2e1 (req. id 31)
[20:31:54] [main/TRACE] [FML/]: Registry add: minecraft:deadbush 32 net.minecraft.block.BlockDeadBush@6c21fb84 (req. id 32)
[20:31:54] [main/TRACE] [FML/]: Registry add: minecraft:piston 33 net.minecraft.block.BlockPistonBase@2b07ce92 (req. id 33)
[20:31:54] [main/TRACE] [FML/]: Registry add: minecraft:piston_head 34 net.minecraft.block.BlockPistonExtension@d8ae950 (req. id 34)
[20:31:54] [main/TRACE] [FML/]: Registry add: minecraft:wool 35 net.minecraft.block.BlockColored@671398d5 (req. id 35)
[20:31:54] [main/TRACE] [FML/]: Registry add: minecraft:piston_extension 36 net.minecraft.block.BlockPistonMoving@5e3d9edf (req. id 36)
[20:31:54] [main/TRACE] [FML/]: Registry add: minecraft:yellow_flower 37 net.minecraft.block.BlockFlower@50881d59 (req. id 37)
[20:31:54] [main/TRACE] [FML/]: Registry add: minecraft:red_flower 38 net.minecraft.block.BlockFlower@183ee75d (req. id 38)
[20:31:54] [main/TRACE] [FML/]: Registry add: minecraft:brown_mushroom 39 net.minecraft.block.BlockMushroom@54a7c257 (req. id 39)
[20:31:54] [main/TRACE] [FML/]: Registry add: minecraft:red_mushroom 40 net.minecraft.block.BlockMushroom@51c8092c (req. id 40)
[20:31:54] [main/TRACE] [FML/]: Registry add: minecraft:gold_block 41 net.minecraft.block.BlockCompressed@23d251a6 (req. id 41)
[20:31:54] [main/TRACE] [FML/]: Registry add: minecraft:iron_block 42 net.minecraft.block.BlockCompressed@44ee7ba9 (req. id 42)
[20:31:54] [main/TRACE] [FML/]: Registry add: minecraft:double_stone_slab 43 net.minecraft.block.BlockStoneSlab@521ab8b7 (req. id 43)
[20:31:54] [main/TRACE] [FML/]: Registry add: minecraft:stone_slab 44 net.minecraft.block.BlockStoneSlab@5855207d (req. id 44)
[20:31:54] [main/TRACE] [FML/]: Registry add: minecraft:brick_block 45 net.minecraft.block.Block@3cc81bd9 (req. id 45)
[20:31:54] [main/TRACE] [FML/]: Registry add: minecraft:tnt 46 net.minecraft.block.BlockTNT@16aac2cc (req. id 46)
[20:31:54] [main/TRACE] [FML/]: Registry add: minecraft:bookshelf 47 net.minecraft.block.BlockBookshelf@6f2e8138 (req. id 47)
[20:31:54] [main/TRACE] [FML/]: Registry add: minecraft:mossy_cobblestone 48 net.minecraft.block.Block@5625bc8e (req. id 48)
[20:31:54] [main/TRACE] [FML/]: Registry add: minecraft:obsidian 49 net.minecraft.block.BlockObsidian@25415e43 (req. id 49)
[20:31:54] [main/TRACE] [FML/]: Registry add: minecraft:torch 50 net.minecraft.block.BlockTorch@4931d47 (req. id 50)
[20:31:54] [main/TRACE] [FML/]: Registry add: minecraft:fire 51 net.minecraft.block.BlockFire@7272c1c2 (req. id 51)
[20:31:54] [main/TRACE] [FML/]: Registry add: minecraft:mob_spawner 52 net.minecraft.block.BlockMobSpawner@bb91659 (req. id 52)
[20:31:54] [main/TRACE] [FML/]: Registry add: minecraft:oak_stairs 53 net.minecraft.block.BlockStairs@3c28e5a7 (req. id 53)
[20:31:54] [main/TRACE] [FML/]: Registry add: minecraft:chest 54 net.minecraft.block.BlockChest@7aa502bc (req. id 54)
[20:31:54] [main/TRACE] [FML/]: Registry add: minecraft:redstone_wire 55 net.minecraft.block.BlockRedstoneWire@6b16d3cf (req. id 55)
[20:31:54] [main/TRACE] [FML/]: Registry add: minecraft:diamond_ore 56 net.minecraft.block.BlockOre@27abf1f6 (req. id 56)
[20:31:54] [main/TRACE] [FML/]: Registry add: minecraft:diamond_block 57 net.minecraft.block.BlockCompressed@99a61d3 (req. id 57)
[20:31:54] [main/TRACE] [FML/]: Registry add: minecraft:crafting_table 58 net.minecraft.block.BlockWorkbench@18183b5d (req. id 58)
[20:31:54] [main/TRACE] [FML/]: Registry add: minecraft:wheat 59 net.minecraft.block.BlockCrops@1bf155c (req. id 59)
[20:31:54] [main/TRACE] [FML/]: Registry add: minecraft:farmland 60 net.minecraft.block.BlockFarmland@28b03831 (req. id 60)
[20:31:54] [main/TRACE] [FML/]: Registry add: minecraft:furnace 61 net.minecraft.block.BlockFurnace@4cb83248 (req. id 61)
[20:31:54] [main/TRACE] [FML/]: Registry add: minecraft:lit_furnace 62 net.minecraft.block.BlockFurnace@50ed3c51 (req. id 62)
[20:31:54] [main/TRACE] [FML/]: Registry add: minecraft:standing_sign 63 net.minecraft.block.BlockSign@7f9702b5 (req. id 63)
[20:31:54] [main/TRACE] [FML/]: Registry add: minecraft:wooden_door 64 net.minecraft.block.BlockDoor@1e7e23d1 (req. id 64)
[20:31:54] [main/TRACE] [FML/]: Registry add: minecraft:ladder 65 net.minecraft.block.BlockLadder@6db06d7d (req. id 65)
[20:31:54] [main/TRACE] [FML/]: Registry add: minecraft:rail 66 net.minecraft.block.BlockRail@422dd6ca (req. id 66)
[20:31:54] [main/TRACE] [FML/]: Registry add: minecraft:stone_stairs 67 net.minecraft.block.BlockStairs@4f7089b7 (req. id 67)
[20:31:54] [main/TRACE] [FML/]: Registry add: minecraft:wall_sign 68 net.minecraft.block.BlockSign@6561761f (req. id 68)
[20:31:54] [main/TRACE] [FML/]: Registry add: minecraft:lever 69 net.minecraft.block.BlockLever@6a312a17 (req. id 69)
[20:31:54] [main/TRACE] [FML/]: Registry add: minecraft:stone_pressure_plate 70 net.minecraft.block.BlockPressurePlate@494c491b (req. id 70)
[20:31:54] [main/TRACE] [FML/]: Registry add: minecraft:iron_door 71 net.minecraft.block.BlockDoor@2f53b135 (req. id 71)
[20:31:54] [main/TRACE] [FML/]: Registry add: minecraft:wooden_pressure_plate 72 net.minecraft.block.BlockPressurePlate@1f9726d9 (req. id 72)
[20:31:54] [main/TRACE] [FML/]: Registry add: minecraft:redstone_ore 73 net.minecraft.block.BlockRedstoneOre@4e273069 (req. id 73)
[20:31:54] [main/TRACE] [FML/]: Registry add: minecraft:lit_redstone_ore 74 net.minecraft.block.BlockRedstoneOre@6edb6594 (req. id 74)
[20:31:54] [main/TRACE] [FML/]: Registry add: minecraft:unlit_redstone_torch 75 net.minecraft.block.BlockRedstoneTorch@606e8c5 (req. id 75)
[20:31:54] [main/TRACE] [FML/]: Registry add: minecraft:redstone_torch 76 net.minecraft.block.BlockRedstoneTorch@2f9be09a (req. id 76)
[20:31:54] [main/TRACE] [FML/]: Registry add: minecraft:stone_button 77 net.minecraft.block.BlockButtonStone@76d2796e (req. id 77)
[20:31:54] [main/TRACE] [FML/]: Registry add: minecraft:snow_layer 78 net.minecraft.block.BlockSnow@6a33ee9b (req. id 78)
[20:31:54] [main/TRACE] [FML/]: Registry add: minecraft:ice 79 net.minecraft.block.BlockIce@3a315883 (req. id 79)
[20:31:54] [main/TRACE] [FML/]: Registry add: minecraft:snow 80 net.minecraft.block.BlockSnowBlock@48072f8c (req. id 80)
[20:31:54] [main/TRACE] [FML/]: Registry add: minecraft:cactus 81 net.minecraft.block.BlockCactus@7b8f3d03 (req. id 81)
[20:31:54] [main/TRACE] [FML/]: Registry add: minecraft:clay 82 net.minecraft.block.BlockClay@7d9238df (req. id 82)
[20:31:54] [main/TRACE] [FML/]: Registry add: minecraft:reeds 83 net.minecraft.block.BlockReed@5b522d7c (req. id 83)
[20:31:54] [main/TRACE] [FML/]: Registry add: minecraft:jukebox 84 net.minecraft.block.BlockJukebox@5e2cd950 (req. id 84)
[20:31:54] [main/TRACE] [FML/]: Registry add: minecraft:fence 85 net.minecraft.block.BlockFence@fa1567b (req. id 85)
[20:31:54] [main/TRACE] [FML/]: Registry add: minecraft:pumpkin 86 net.minecraft.block.BlockPumpkin@32a9f661 (req. id 86)
[20:31:54] [main/TRACE] [FML/]: Registry add: minecraft:netherrack 87 net.minecraft.block.BlockNetherrack@1e58da92 (req. id 87)
[20:31:54] [main/TRACE] [FML/]: Registry add: minecraft:soul_sand 88 net.minecraft.block.BlockSoulSand@167ce2c5 (req. id 88)
[20:31:54] [main/TRACE] [FML/]: Registry add: minecraft:glowstone 89 net.minecraft.block.BlockGlowstone@4b5f1201 (req. id 89)
[20:31:54] [main/TRACE] [FML/]: Registry add: minecraft:portal 90 net.minecraft.block.BlockPortal@2097e805 (req. id 90)
[20:31:54] [main/TRACE] [FML/]: Registry add: minecraft:lit_pumpkin 91 net.minecraft.block.BlockPumpkin@5501b0fa (req. id 91)
[20:31:54] [main/TRACE] [FML/]: Registry add: minecraft:cake 92 net.minecraft.block.BlockCake@124c73b0 (req. id 92)
[20:31:54] [main/TRACE] [FML/]: Registry add: minecraft:unpowered_repeater 93 net.minecraft.block.BlockRedstoneRepeater@3110e0ec (req. id 93)
[20:31:54] [main/TRACE] [FML/]: Registry add: minecraft:powered_repeater 94 net.minecraft.block.BlockRedstoneRepeater@4b1ebf1e (req. id 94)
[20:31:54] [main/TRACE] [FML/]: Registry add: minecraft:stained_glass 95 net.minecraft.block.BlockStainedGlass@5a0ec10b (req. id 95)
[20:31:54] [main/TRACE] [FML/]: Registry add: minecraft:trapdoor 96 net.minecraft.block.BlockTrapDoor@10ce745b (req. id 96)
[20:31:54] [main/TRACE] [FML/]: Registry add: minecraft:monster_egg 97 net.minecraft.block.BlockSilverfish@325e3212 (req. id 97)
[20:31:54] [main/TRACE] [FML/]: Registry add: minecraft:stonebrick 98 net.minecraft.block.BlockStoneBrick@3fb97458 (req. id 98)
[20:31:54] [main/TRACE] [FML/]: Registry add: minecraft:brown_mushroom_block 99 net.minecraft.block.BlockHugeMushroom@4c85ba73 (req. id 99)
[20:31:54] [main/TRACE] [FML/]: Registry add: minecraft:red_mushroom_block 100 net.minecraft.block.BlockHugeMushroom@5f93fb44 (req. id 100)
[20:31:54] [main/TRACE] [FML/]: Registry add: minecraft:iron_bars 101 net.minecraft.block.BlockPane@46f36494 (req. id 101)
[20:31:54] [main/TRACE] [FML/]: Registry add: minecraft:glass_pane 102 net.minecraft.block.BlockPane@155054f0 (req. id 102)
[20:31:54] [main/TRACE] [FML/]: Registry add: minecraft:melon_block 103 net.minecraft.block.BlockMelon@54957b67 (req. id 103)
[20:31:54] [main/TRACE] [FML/]: Registry add: minecraft:pumpkin_stem 104 net.minecraft.block.BlockStem@15d402d6 (req. id 104)
[20:31:54] [main/TRACE] [FML/]: Registry add: minecraft:melon_stem 105 net.minecraft.block.BlockStem@12063acc (req. id 105)
[20:31:54] [main/TRACE] [FML/]: Registry add: minecraft:vine 106 net.minecraft.block.BlockVine@59444b1d (req. id 106)
[20:31:54] [main/TRACE] [FML/]: Registry add: minecraft:fence_gate 107 net.minecraft.block.BlockFenceGate@2dd476ab (req. id 107)
[20:31:54] [main/TRACE] [FML/]: Registry add: minecraft:brick_stairs 108 net.minecraft.block.BlockStairs@57baec0e (req. id 108)
[20:31:54] [main/TRACE] [FML/]: Registry add: minecraft:stone_brick_stairs 109 net.minecraft.block.BlockStairs@30dfb821 (req. id 109)
[20:31:54] [main/TRACE] [FML/]: Registry add: minecraft:mycelium 110 net.minecraft.block.BlockMycelium@290d8215 (req. id 110)
[20:31:54] [main/TRACE] [FML/]: Registry add: minecraft:waterlily 111 net.minecraft.block.BlockLilyPad@2be4d228 (req. id 111)
[20:31:54] [main/TRACE] [FML/]: Registry add: minecraft:nether_brick 112 net.minecraft.block.Block@3ba1569b (req. id 112)
[20:31:54] [main/TRACE] [FML/]: Registry add: minecraft:nether_brick_fence 113 net.minecraft.block.BlockFence@5d3cf8b2 (req. id 113)
[20:31:54] [main/TRACE] [FML/]: Registry add: minecraft:nether_brick_stairs 114 net.minecraft.block.BlockStairs@4deb9df0 (req. id 114)
[20:31:54] [main/TRACE] [FML/]: Registry add: minecraft:nether_wart 115 net.minecraft.block.BlockNetherWart@29c2d010 (req. id 115)
[20:31:54] [main/TRACE] [FML/]: Registry add: minecraft:enchanting_table 116 net.minecraft.block.BlockEnchantmentTable@d08ab5d (req. id 116)
[20:31:54] [main/TRACE] [FML/]: Registry add: minecraft:brewing_stand 117 net.minecraft.block.BlockBrewingStand@27a10b00 (req. id 117)
[20:31:54] [main/TRACE] [FML/]: Registry add: minecraft:cauldron 118 net.minecraft.block.BlockCauldron@5e0bcb14 (req. id 118)
[20:31:54] [main/TRACE] [FML/]: Registry add: minecraft:end_portal 119 net.minecraft.block.BlockEndPortal@113eb097 (req. id 119)
[20:31:54] [main/TRACE] [FML/]: Registry add: minecraft:end_portal_frame 120 net.minecraft.block.BlockEndPortalFrame@6adfd28b (req. id 120)
[20:31:54] [main/TRACE] [FML/]: Registry add: minecraft:end_stone 121 net.minecraft.block.Block@c77da7e (req. id 121)
[20:31:54] [main/TRACE] [FML/]: Registry add: minecraft:dragon_egg 122 net.minecraft.block.BlockDragonEgg@2ef8e535 (req. id 122)
[20:31:54] [main/TRACE] [FML/]: Registry add: minecraft:redstone_lamp 123 net.minecraft.block.BlockRedstoneLight@7c702fb9 (req. id 123)
[20:31:54] [main/TRACE] [FML/]: Registry add: minecraft:lit_redstone_lamp 124 net.minecraft.block.BlockRedstoneLight@294d5a82 (req. id 124)
[20:31:54] [main/TRACE] [FML/]: Registry add: minecraft:double_wooden_slab 125 net.minecraft.block.BlockWoodSlab@3450feef (req. id 125)
[20:31:54] [main/TRACE] [FML/]: Registry add: minecraft:wooden_slab 126 net.minecraft.block.BlockWoodSlab@319117be (req. id 126)
[20:31:54] [main/TRACE] [FML/]: Registry add: minecraft:cocoa 127 net.minecraft.block.BlockCocoa@630f83c9 (req. id 127)
[20:31:54] [main/TRACE] [FML/]: Registry add: minecraft:sandstone_stairs 128 net.minecraft.block.BlockStairs@f9533ee (req. id 128)
[20:31:54] [main/TRACE] [FML/]: Registry add: minecraft:emerald_ore 129 net.minecraft.block.BlockOre@c845640 (req. id 129)
[20:31:54] [main/TRACE] [FML/]: Registry add: minecraft:ender_chest 130 net.minecraft.block.BlockEnderChest@4ead8d5f (req. id 130)
[20:31:54] [main/TRACE] [FML/]: Registry add: minecraft:tripwire_hook 131 net.minecraft.block.BlockTripWireHook@54d2891f (req. id 131)
[20:31:54] [main/TRACE] [FML/]: Registry add: minecraft:tripwire 132 net.minecraft.block.BlockTripWire@11f723ab (req. id 132)
[20:31:54] [main/TRACE] [FML/]: Registry add: minecraft:emerald_block 133 net.minecraft.block.BlockCompressed@7846b8c3 (req. id 133)
[20:31:54] [main/TRACE] [FML/]: Registry add: minecraft:spruce_stairs 134 net.minecraft.block.BlockStairs@6b0c47e5 (req. id 134)
[20:31:54] [main/TRACE] [FML/]: Registry add: minecraft:birch_stairs 135 net.minecraft.block.BlockStairs@7344424a (req. id 135)
[20:31:54] [main/TRACE] [FML/]: Registry add: minecraft:jungle_stairs 136 net.minecraft.block.BlockStairs@65c4365 (req. id 136)
[20:31:54] [main/TRACE] [FML/]: Registry add: minecraft:command_block 137 net.minecraft.block.BlockCommandBlock@58830910 (req. id 137)
[20:31:54] [main/TRACE] [FML/]: Registry add: minecraft:beacon 138 net.minecraft.block.BlockBeacon@567df41c (req. id 138)
[20:31:54] [main/TRACE] [FML/]: Registry add: minecraft:cobblestone_wall 139 net.minecraft.block.BlockWall@3616a983 (req. id 139)
[20:31:54] [main/TRACE] [FML/]: Registry add: minecraft:flower_pot 140 net.minecraft.block.BlockFlowerPot@214872ea (req. id 140)
[20:31:54] [main/TRACE] [FML/]: Registry add: minecraft:carrots 141 net.minecraft.block.BlockCarrot@10198cc (req. id 141)
[20:31:54] [main/TRACE] [FML/]: Registry add: minecraft:potatoes 142 net.minecraft.block.BlockPotato@223279 (req. id 142)
[20:31:54] [main/TRACE] [FML/]: Registry add: minecraft:wooden_button 143 net.minecraft.block.BlockButtonWood@67384ff1 (req. id 143)
[20:31:54] [main/TRACE] [FML/]: Registry add: minecraft:skull 144 net.minecraft.block.BlockSkull@371f6747 (req. id 144)
[20:31:54] [main/TRACE] [FML/]: Registry add: minecraft:anvil 145 net.minecraft.block.BlockAnvil@760f6dd4 (req. id 145)
[20:31:54] [main/TRACE] [FML/]: Registry add: minecraft:trapped_chest 146 net.minecraft.block.BlockChest@6ef3b5d9 (req. id 146)
[20:31:54] [main/TRACE] [FML/]: Registry add: minecraft:light_weighted_pressure_plate 147 net.minecraft.block.BlockPressurePlateWeighted@68dfb29d (req. id 147)
[20:31:54] [main/TRACE] [FML/]: Registry add: minecraft:heavy_weighted_pressure_plate 148 net.minecraft.block.BlockPressurePlateWeighted@36479735 (req. id 148)
[20:31:54] [main/TRACE] [FML/]: Registry add: minecraft:unpowered_comparator 149 net.minecraft.block.BlockRedstoneComparator@6078def (req. id 149)
[20:31:54] [main/TRACE] [FML/]: Registry add: minecraft:powered_comparator 150 net.minecraft.block.BlockRedstoneComparator@59f74900 (req. id 150)
[20:31:54] [main/TRACE] [FML/]: Registry add: minecraft:daylight_detector 151 net.minecraft.block.BlockDaylightDetector@54ece620 (req. id 151)
[20:31:54] [main/TRACE] [FML/]: Registry add: minecraft:redstone_block 152 net.minecraft.block.BlockCompressedPowered@6b6a94d2 (req. id 152)
[20:31:54] [main/TRACE] [FML/]: Registry add: minecraft:quartz_ore 153 net.minecraft.block.BlockOre@22509e16 (req. id 153)
[20:31:54] [main/TRACE] [FML/]: Registry add: minecraft:hopper 154 net.minecraft.block.BlockHopper@6e704a0 (req. id 154)
[20:31:54] [main/TRACE] [FML/]: Registry add: minecraft:quartz_block 155 net.minecraft.block.BlockQuartz@602fc7b3 (req. id 155)
[20:31:54] [main/TRACE] [FML/]: Registry add: minecraft:quartz_stairs 156 net.minecraft.block.BlockStairs@60dfea1a (req. id 156)
[20:31:54] [main/TRACE] [FML/]: Registry add: minecraft:activator_rail 157 net.minecraft.block.BlockRailPowered@c8282a6 (req. id 157)
[20:31:54] [main/TRACE] [FML/]: Registry add: minecraft:dropper 158 net.minecraft.block.BlockDropper@71880832 (req. id 158)
[20:31:54] [main/TRACE] [FML/]: Registry add: minecraft:stained_hardened_clay 159 net.minecraft.block.BlockColored@19d244d9 (req. id 159)
[20:31:54] [main/TRACE] [FML/]: Registry add: minecraft:stained_glass_pane 160 net.minecraft.block.BlockStainedGlassPane@10b06ac3 (req. id 160)
[20:31:54] [main/TRACE] [FML/]: Registry add: minecraft:leaves2 161 net.minecraft.block.BlockNewLeaf@1cb153a6 (req. id 161)
[20:31:54] [main/TRACE] [FML/]: Registry add: minecraft:log2 162 net.minecraft.block.BlockNewLog@199c36ee (req. id 162)
[20:31:54] [main/TRACE] [FML/]: Registry add: minecraft:acacia_stairs 163 net.minecraft.block.BlockStairs@5eda5064 (req. id 163)
[20:31:54] [main/TRACE] [FML/]: Registry add: minecraft:dark_oak_stairs 164 net.minecraft.block.BlockStairs@4ed405e2 (req. id 164)
[20:31:54] [main/TRACE] [FML/]: Registry add: minecraft:hay_block 170 net.minecraft.block.BlockHay@b47af37 (req. id 170)
[20:31:54] [main/TRACE] [FML/]: Registry add: minecraft:carpet 171 net.minecraft.block.BlockCarpet@fc490e4 (req. id 171)
[20:31:54] [main/TRACE] [FML/]: Registry add: minecraft:hardened_clay 172 net.minecraft.block.BlockHardenedClay@36a9e71 (req. id 172)
[20:31:54] [main/TRACE] [FML/]: Registry add: minecraft:coal_block 173 net.minecraft.block.Block@4cc80e77 (req. id 173)
[20:31:54] [main/TRACE] [FML/]: Registry add: minecraft:packed_ice 174 net.minecraft.block.BlockPackedIce@56c1ec95 (req. id 174)
[20:31:54] [main/TRACE] [FML/]: Registry add: minecraft:double_plant 175 net.minecraft.block.BlockDoublePlant@559356b2 (req. id 175)
[20:31:54] [main/TRACE] [FML/]: Registry add: minecraft:iron_shovel 256 net.minecraft.item.ItemSpade@15d80dfe (req. id 256)
[20:31:54] [main/TRACE] [FML/]: Registry add: minecraft:iron_pickaxe 257 net.minecraft.item.ItemPickaxe@1b7ea9e6 (req. id 257)
[20:31:54] [main/TRACE] [FML/]: Registry add: minecraft:iron_axe 258 net.minecraft.item.ItemAxe@18c44924 (req. id 258)
[20:31:54] [main/TRACE] [FML/]: Registry add: minecraft:flint_and_steel 259 net.minecraft.item.ItemFlintAndSteel@f5707f6 (req. id 259)
[20:31:54] [main/TRACE] [FML/]: Registry add: minecraft:apple 260 net.minecraft.item.ItemFood@fac7b6d (req. id 260)
[20:31:54] [main/TRACE] [FML/]: Registry add: minecraft:bow 261 net.minecraft.item.ItemBow@a585ef (req. id 261)
[20:31:54] [main/TRACE] [FML/]: Registry add: minecraft:arrow 262 net.minecraft.item.Item@72fc0e3d (req. id 262)
[20:31:54] [main/TRACE] [FML/]: Registry add: minecraft:coal 263 net.minecraft.item.ItemCoal@2e97bb80 (req. id 263)
[20:31:54] [main/TRACE] [FML/]: Registry add: minecraft:diamond 264 net.minecraft.item.Item@6b96e865 (req. id 264)
[20:31:54] [main/TRACE] [FML/]: Registry add: minecraft:iron_ingot 265 net.minecraft.item.Item@737612 (req. id 265)
[20:31:54] [main/TRACE] [FML/]: Registry add: minecraft:gold_ingot 266 net.minecraft.item.Item@1c4c97f9 (req. id 266)
[20:31:54] [main/TRACE] [FML/]: Registry add: minecraft:iron_sword 267 net.minecraft.item.ItemSword@6a611244 (req. id 267)
[20:31:54] [main/TRACE] [FML/]: Registry add: minecraft:wooden_sword 268 net.minecraft.item.ItemSword@af664ec (req. id 268)
[20:31:54] [main/TRACE] [FML/]: Registry add: minecraft:wooden_shovel 269 net.minecraft.item.ItemSpade@365bc793 (req. id 269)
[20:31:54] [main/TRACE] [FML/]: Registry add: minecraft:wooden_pickaxe 270 net.minecraft.item.ItemPickaxe@438b9fc6 (req. id 270)
[20:31:54] [main/TRACE] [FML/]: Registry add: minecraft:wooden_axe 271 net.minecraft.item.ItemAxe@3a6a2cf (req. id 271)
[20:31:54] [main/TRACE] [FML/]: Registry add: minecraft:stone_sword 272 net.minecraft.item.ItemSword@310ac5e8 (req. id 272)
[20:31:54] [main/TRACE] [FML/]: Registry add: minecraft:stone_shovel 273 net.minecraft.item.ItemSpade@3a471b7f (req. id 273)
[20:31:54] [main/TRACE] [FML/]: Registry add: minecraft:stone_pickaxe 274 net.minecraft.item.ItemPickaxe@125e4cbd (req. id 274)
[20:31:54] [main/TRACE] [FML/]: Registry add: minecraft:stone_axe 275 net.minecraft.item.ItemAxe@6d0015b6 (req. id 275)
[20:31:54] [main/TRACE] [FML/]: Registry add: minecraft:diamond_sword 276 net.minecraft.item.ItemSword@209197a2 (req. id 276)
[20:31:54] [main/TRACE] [FML/]: Registry add: minecraft:diamond_shovel 277 net.minecraft.item.ItemSpade@367a1d62 (req. id 277)
[20:31:54] [main/TRACE] [FML/]: Registry add: minecraft:diamond_pickaxe 278 net.minecraft.item.ItemPickaxe@b1f28df (req. id 278)
[20:31:54] [main/TRACE] [FML/]: Registry add: minecraft:diamond_axe 279 net.minecraft.item.ItemAxe@2ab44e2d (req. id 279)
[20:31:54] [main/TRACE] [FML/]: Registry add: minecraft:stick 280 net.minecraft.item.Item@23788242 (req. id 280)
[20:31:54] [main/TRACE] [FML/]: Registry add: minecraft:bowl 281 net.minecraft.item.Item@3cafcd3f (req. id 281)
[20:31:54] [main/TRACE] [FML/]: Registry add: minecraft:mushroom_stew 282 net.minecraft.item.ItemSoup@513290aa (req. id 282)
[20:31:54] [main/TRACE] [FML/]: Registry add: minecraft:golden_sword 283 net.minecraft.item.ItemSword@4eb7b28b (req. id 283)
[20:31:54] [main/TRACE] [FML/]: Registry add: minecraft:golden_shovel 284 net.minecraft.item.ItemSpade@7e2aec0c (req. id 284)
[20:31:54] [main/TRACE] [FML/]: Registry add: minecraft:golden_pickaxe 285 net.minecraft.item.ItemPickaxe@33ef488a (req. id 285)
[20:31:54] [main/TRACE] [FML/]: Registry add: minecraft:golden_axe 286 net.minecraft.item.ItemAxe@228376a9 (req. id 286)
[20:31:54] [main/TRACE] [FML/]: Registry add: minecraft:string 287 net.minecraft.item.ItemReed@2b0dfb46 (req. id 287)
[20:31:54] [main/TRACE] [FML/]: Registry add: minecraft:feather 288 net.minecraft.item.Item@22ebc6bf (req. id 288)
