[13:17:03] [main/INFO]: Setting user: ForgeDevName
[13:17:04] [Client thread/INFO]: LWJGL Version: 2.9.0
[13:17:04] [Client thread/ERROR]: Couldn't set icon
javax.imageio.IIOException: Can't read input file!
	at javax.imageio.ImageIO.read(ImageIO.java:1301) ~[?:1.7.0_60]
	at net.minecraft.client.Minecraft.readImage(Minecraft.java:641) ~[Minecraft.class:?]
	at net.minecraft.client.Minecraft.startGame(Minecraft.java:470) [Minecraft.class:?]
	at net.minecraft.client.Minecraft.run(Minecraft.java:892) [Minecraft.class:?]
	at net.minecraft.client.main.Main.main(Main.java:112) [Main.class:?]
	at sun.reflect.NativeMethodAccessorImpl.invoke0(Native Method) ~[?:1.7.0_60]
	at sun.reflect.NativeMethodAccessorImpl.invoke(NativeMethodAccessorImpl.java:57) ~[?:1.7.0_60]
	at sun.reflect.DelegatingMethodAccessorImpl.invoke(DelegatingMethodAccessorImpl.java:43) ~[?:1.7.0_60]
	at java.lang.reflect.Method.invoke(Method.java:606) ~[?:1.7.0_60]
	at net.minecraft.launchwrapper.Launch.launch(Launch.java:134) [launchwrapper-1.9.jar:?]
	at net.minecraft.launchwrapper.Launch.main(Launch.java:28) [launchwrapper-1.9.jar:?]
	at sun.reflect.NativeMethodAccessorImpl.invoke0(Native Method) ~[?:1.7.0_60]
	at sun.reflect.NativeMethodAccessorImpl.invoke(NativeMethodAccessorImpl.java:57) ~[?:1.7.0_60]
	at sun.reflect.DelegatingMethodAccessorImpl.invoke(DelegatingMethodAccessorImpl.java:43) ~[?:1.7.0_60]
	at java.lang.reflect.Method.invoke(Method.java:606) ~[?:1.7.0_60]
	at GradleStart.bounce(GradleStart.java:69) [start/:?]
	at GradleStart.startClient(GradleStart.java:62) [start/:?]
	at GradleStart.main(GradleStart.java:34) [start/:?]
	at sun.reflect.NativeMethodAccessorImpl.invoke0(Native Method) ~[?:1.7.0_60]
	at sun.reflect.NativeMethodAccessorImpl.invoke(NativeMethodAccessorImpl.java:57) ~[?:1.7.0_60]
	at sun.reflect.DelegatingMethodAccessorImpl.invoke(DelegatingMethodAccessorImpl.java:43) ~[?:1.7.0_60]
	at java.lang.reflect.Method.invoke(Method.java:606) ~[?:1.7.0_60]
	at com.intellij.rt.execution.application.AppMain.main(AppMain.java:134) [idea_rt.jar:?]
[13:17:09] [Client thread/INFO]: Reloading ResourceManager: Default, FMLFileResourcePack:Forge Mod Loader, FMLFileResourcePack:Minecraft Forge, FMLFileResourcePack:Emerald
[13:17:10] [Sound Library Loader/INFO]: Sound engine started
[13:17:10] [Client thread/INFO]: Created: 512x256 textures/blocks-atlas
[13:17:10] [Client thread/INFO]: Created: 256x256 textures/items-atlas
[13:17:10] [Client thread/INFO]: Reloading ResourceManager: Default, FMLFileResourcePack:Forge Mod Loader, FMLFileResourcePack:Minecraft Forge, FMLFileResourcePack:Emerald
[13:17:10] [Client thread/INFO]: Created: 256x256 textures/items-atlas
[13:17:10] [Client thread/INFO]: Created: 512x256 textures/blocks-atlas
[13:17:11] [Sound Library Loader/INFO]: Sound engine started
[13:17:11] [MCO Availability Checker #1/ERROR]: Couldn't connect to Realms
[13:17:16] [Client thread/WARN]: Unable to play unknown soundEvent: minecraft:music.menu
[13:17:18] [Client thread/WARN]: Unable to play unknown soundEvent: minecraft:music.menu
[13:17:39] [Client thread/WARN]: Unable to play unknown soundEvent: minecraft:music.menu
[13:17:39] [Client thread/WARN]: Unable to play unknown soundEvent: minecraft:gui.button.press
[13:17:52] [Client thread/WARN]: Unable to play unknown soundEvent: minecraft:music.menu
[13:17:56] [Client thread/INFO]: Stopping!
